<?xml version="1.0" encoding="UTF-8"?>
<!-- Generated by org.testng.reporters.JUnitReportReporter -->
<testsuite skipped="0" hostname="rohini" name="com.inferyx.framework.dataVisualization.dashboard.DashBoardMenuIcon" tests="5" failures="0" timestamp="21 Feb 2019 12:12:46 GMT" time="64.634" errors="0">
  <testcase name="datshBoardMaximize" time="6.456" classname="com.inferyx.framework.dataVisualization.dashboard.DashBoardMenuIcon"/>
  <testcase name="datshBoardMinimize" time="8.493" classname="com.inferyx.framework.dataVisualization.dashboard.DashBoardMenuIcon"/>
  <testcase name="datshBoardGraph" time="6.329" classname="com.inferyx.framework.dataVisualization.dashboard.DashBoardMenuIcon"/>
  <testcase name="datshBoardRefresh" time="14.194" classname="com.inferyx.framework.dataVisualization.dashboard.DashBoardMenuIcon"/>
  <testcase name="datshBoardEdit" time="29.162" classname="com.inferyx.framework.dataVisualization.dashboard.DashBoardMenuIcon"/>
</testsuite> <!-- com.inferyx.framework.dataVisualization.dashboard.DashBoardMenuIcon -->
