<?xml version="1.0" encoding="UTF-8"?>
<!-- Generated by org.testng.reporters.JUnitReportReporter -->
<testsuite skipped="0" hostname="rohini" name="com.inferyx.framework.selenium.LoginPage" tests="3" failures="0" timestamp="21 Feb 2019 10:05:22 GMT" time="20.389" errors="0">
  <testcase name="openBrowser" time="5.177" classname="com.inferyx.framework.selenium.LoginPage"/>
  <testcase name="login" time="3.503" classname="com.inferyx.framework.selenium.LoginPage"/>
  <testcase name="appSelection" time="11.709" classname="com.inferyx.framework.selenium.LoginPage"/>
</testsuite> <!-- com.inferyx.framework.selenium.LoginPage -->
