<?xml version="1.0" encoding="UTF-8"?>
<!-- Generated by org.testng.reporters.JUnitReportReporter -->
<testsuite skipped="0" hostname="rohini007-Inspiron-3551" name="com.inferyx.framework.selenium.DataVisualization" tests="1" failures="0" timestamp="04 Feb 2019 13:16:41 GMT" time="0.028" errors="0">
  <testcase name="dataVisualizationList" time="0.028" classname="com.inferyx.framework.selenium.DataVisualization"/>
</testsuite> <!-- com.inferyx.framework.selenium.DataVisualization -->
