<?xml version="1.0" encoding="UTF-8"?>
<!-- Generated by org.testng.reporters.JUnitReportReporter -->
<testsuite skipped="0" hostname="rohini" name="com.inferyx.framework.dataProfiling.group.listPage.DataProfilingGroup" tests="1" failures="0" timestamp="23 Feb 2019 14:34:51 GMT" time="10.869" errors="0">
  <testcase name="dataVisualization" time="10.869" classname="com.inferyx.framework.dataProfiling.group.listPage.DataProfilingGroup"/>
</testsuite> <!-- com.inferyx.framework.dataProfiling.group.listPage.DataProfilingGroup -->
