<?xml version="1.0" encoding="UTF-8"?>
<!-- Generated by org.testng.reporters.JUnitReportReporter -->
<testsuite skipped="0" hostname="gridedge1" name="com.inferyx.framework.dataPreparation.datapod.DataPreaparation" tests="2" failures="0" timestamp="07 Feb 2019 09:36:10 GMT" time="6.337" errors="0">
  <testcase name="dataPreparationList" time="2.788" classname="com.inferyx.framework.dataPreparation.datapod.DataPreaparation"/>
  <testcase name="dataDatapod" time="3.549" classname="com.inferyx.framework.dataPreparation.datapod.DataPreaparation"/>
</testsuite> <!-- com.inferyx.framework.dataPreparation.datapod.DataPreaparation -->
