<?xml version="1.0" encoding="UTF-8"?>
<!-- Generated by org.testng.reporters.JUnitReportReporter -->
<testsuite skipped="0" hostname="rohini" name="com.inferyx.framework.dataVisualization.dashboard.DashBoardIcon" tests="8" failures="0" timestamp="21 Feb 2019 12:12:46 GMT" time="233.047" errors="0">
  <testcase name="datshBoardView" time="66.284" classname="com.inferyx.framework.dataVisualization.dashboard.DashBoardIcon"/>
  <testcase name="datshBoardGrid" time="21.343" classname="com.inferyx.framework.dataVisualization.dashboard.DashBoardIcon"/>
  <testcase name="datshBoardChart" time="21.253" classname="com.inferyx.framework.dataVisualization.dashboard.DashBoardIcon"/>
  <testcase name="datshBoardDownload" time="8.324" classname="com.inferyx.framework.dataVisualization.dashboard.DashBoardIcon"/>
  <testcase name="datshBoardMaximize" time="10.242" classname="com.inferyx.framework.dataVisualization.dashboard.DashBoardIcon"/>
  <testcase name="datshBoardMinimizeGraph" time="10.217" classname="com.inferyx.framework.dataVisualization.dashboard.DashBoardIcon"/>
  <testcase name="datshBoardRefresh" time="20.216" classname="com.inferyx.framework.dataVisualization.dashboard.DashBoardIcon"/>
  <testcase name="datshBoardEdit" time="75.168" classname="com.inferyx.framework.dataVisualization.dashboard.DashBoardIcon"/>
</testsuite> <!-- com.inferyx.framework.dataVisualization.dashboard.DashBoardIcon -->
