<?xml version="1.0" encoding="UTF-8"?>
<!-- Generated by org.testng.reporters.JUnitReportReporter -->
<testsuite skipped="0" hostname="gridedge1" name="com.inferyx.framework.dataPreparation.datapod.DatapodAdd" tests="4" failures="0" timestamp="07 Feb 2019 07:19:50 GMT" time="67.041" errors="0">
  <testcase name="validateAdd" time="16.840" classname="com.inferyx.framework.dataPreparation.datapod.DatapodAdd"/>
  <testcase name="validateAdd" time="16.811" classname="com.inferyx.framework.dataPreparation.datapod.DatapodAdd"/>
  <testcase name="validateAdd" time="16.707" classname="com.inferyx.framework.dataPreparation.datapod.DatapodAdd"/>
  <testcase name="validateAdd" time="16.683" classname="com.inferyx.framework.dataPreparation.datapod.DatapodAdd"/>
</testsuite> <!-- com.inferyx.framework.dataPreparation.datapod.DatapodAdd -->
