<?xml version="1.0" encoding="UTF-8"?>
<!-- Generated by org.testng.reporters.JUnitReportReporter -->
<testsuite skipped="0" hostname="gridedge1" name="com.inferyx.framework.dataVisualization.DataVisualization" tests="7" failures="0" timestamp="07 Feb 2019 09:36:10 GMT" time="33.324" errors="0">
  <testcase name="dataVisualization" time="10.198" classname="com.inferyx.framework.dataVisualization.DataVisualization"/>
  <testcase name="Dashboard" time="2.179" classname="com.inferyx.framework.dataVisualization.DataVisualization"/>
  <testcase name="createDashboard" time="4.120" classname="com.inferyx.framework.dataVisualization.DataVisualization"/>
  <testcase name="datshBoardTile" time="4.365" classname="com.inferyx.framework.dataVisualization.DataVisualization"/>
  <testcase name="Vizpod" time="4.156" classname="com.inferyx.framework.dataVisualization.DataVisualization"/>
  <testcase name="vizpodAdd" time="6.148" classname="com.inferyx.framework.dataVisualization.DataVisualization"/>
  <testcase name="Report" time="2.158" classname="com.inferyx.framework.dataVisualization.DataVisualization"/>
</testsuite> <!-- com.inferyx.framework.dataVisualization.DataVisualization -->
