<?xml version="1.0" encoding="UTF-8"?>
<!-- Generated by org.testng.reporters.JUnitReportReporter -->
<testsuite skipped="0" hostname="rohini" name="com.inferyx.framework.dataVisualization.report.ReportActionRestore" tests="1" failures="0" timestamp="22 Feb 2019 14:14:24 GMT" time="11.562" errors="0">
  <testcase name="reportRestore" time="11.562" classname="com.inferyx.framework.dataVisualization.report.ReportActionRestore"/>
</testsuite> <!-- com.inferyx.framework.dataVisualization.report.ReportActionRestore -->
