<?xml version="1.0" encoding="UTF-8"?>
<!-- Generated by org.testng.reporters.JUnitReportReporter -->
<testsuite skipped="0" hostname="rohini" name="com.inferyx.framework.dataProfiling.group.listPage.DataProfilingGroupListPage" tests="6" failures="0" timestamp="26 Feb 2019 11:42:57 GMT" time="120.767" errors="0">
  <testcase name="RuleSearchByName" time="15.566" classname="com.inferyx.framework.dataProfiling.group.listPage.DataProfilingGroupListPage"/>
  <testcase name="RuleSearchByUser" time="20.505" classname="com.inferyx.framework.dataProfiling.group.listPage.DataProfilingGroupListPage"/>
  <testcase name="VizpodSearchCriteriaRefresh" time="9.489" classname="com.inferyx.framework.dataProfiling.group.listPage.DataProfilingGroupListPage"/>
  <testcase name="GroupStartAndEndDate" time="60.830" classname="com.inferyx.framework.dataProfiling.group.listPage.DataProfilingGroupListPage"/>
  <testcase name="RuleSearchStatus" time="8.689" classname="com.inferyx.framework.dataProfiling.group.listPage.DataProfilingGroupListPage"/>
  <testcase name="GroupSearchName" time="5.688" classname="com.inferyx.framework.dataProfiling.group.listPage.DataProfilingGroupListPage"/>
</testsuite> <!-- com.inferyx.framework.dataProfiling.group.listPage.DataProfilingGroupListPage -->
