<?xml version="1.0" encoding="UTF-8"?>
<!-- Generated by org.testng.reporters.JUnitReportReporter -->
<testsuite skipped="0" hostname="gridedge1" name="com.inferyx.framework.dataPreparation.dataset.DatasetActionUnPublish" tests="1" failures="0" timestamp="07 Feb 2019 15:08:42 GMT" time="12.293" errors="0">
  <testcase name="datasetUnPublishAction" time="12.293" classname="com.inferyx.framework.dataPreparation.dataset.DatasetActionUnPublish"/>
</testsuite> <!-- com.inferyx.framework.dataPreparation.dataset.DatasetActionUnPublish -->
