<?xml version="1.0" encoding="UTF-8"?>
<!-- Generated by org.testng.reporters.JUnitReportReporter -->
<testsuite skipped="0" hostname="gridedge1" name="com.inferyx.framework.dataPreparation.DatapodTest" tests="4" failures="0" timestamp="06 Feb 2019 12:56:42 GMT" time="67.341" errors="0">
  <testcase name="validateAdd" time="16.876" classname="com.inferyx.framework.dataPreparation.DatapodTest"/>
  <testcase name="validateAdd" time="16.800" classname="com.inferyx.framework.dataPreparation.DatapodTest"/>
  <testcase name="validateAdd" time="16.873" classname="com.inferyx.framework.dataPreparation.DatapodTest"/>
  <testcase name="validateAdd" time="16.792" classname="com.inferyx.framework.dataPreparation.DatapodTest"/>
</testsuite> <!-- com.inferyx.framework.dataPreparation.DatapodTest -->
