<?xml version="1.0" encoding="UTF-8"?>
<!-- Generated by org.testng.reporters.JUnitReportReporter -->
<testsuite skipped="0" hostname="rohini" name="com.inferyx.framework.dataProfiling.rule.RuleActionExecute" tests="1" failures="0" timestamp="15 Feb 2019 09:31:20 GMT" time="13.481" errors="0">
  <testcase name="vizpodView" time="13.481" classname="com.inferyx.framework.dataProfiling.rule.RuleActionExecute"/>
</testsuite> <!-- com.inferyx.framework.dataProfiling.rule.RuleActionExecute -->
