<?xml version="1.0" encoding="UTF-8"?>
<!-- Generated by org.testng.reporters.JUnitReportReporter -->
<testsuite skipped="0" hostname="rohini007-Inspiron-3551" name="com.inferyx.framework.dataPreparation.datapod.DataPreaparation" tests="2" failures="0" timestamp="07 Feb 2019 13:31:37 GMT" time="7.349" errors="0">
  <testcase name="dataPreparationList" time="3.217" classname="com.inferyx.framework.dataPreparation.datapod.DataPreaparation"/>
  <testcase name="dataDatapod" time="4.132" classname="com.inferyx.framework.dataPreparation.datapod.DataPreaparation"/>
</testsuite> <!-- com.inferyx.framework.dataPreparation.datapod.DataPreaparation -->
