<?xml version="1.0" encoding="UTF-8"?>
<!-- Generated by org.testng.reporters.JUnitReportReporter -->
<testsuite skipped="0" hostname="gridedge1" name="com.inferyx.framework.dataPreparation.dataset.DatasetActionLock" tests="1" failures="0" timestamp="07 Feb 2019 15:08:42 GMT" time="12.313" errors="0">
  <testcase name="datasetLockAction" time="12.313" classname="com.inferyx.framework.dataPreparation.dataset.DatasetActionLock"/>
</testsuite> <!-- com.inferyx.framework.dataPreparation.dataset.DatasetActionLock -->
