<?xml version="1.0" encoding="UTF-8"?>
<!-- Generated by org.testng.reporters.JUnitReportReporter -->
<testsuite skipped="0" hostname="rohini007-Inspiron-3551" name="com.inferyx.framework.selenium.LoginPage" tests="3" failures="0" timestamp="06 Feb 2019 06:41:15 GMT" time="14.210" errors="0">
  <testcase name="openBrowser" time="5.432" classname="com.inferyx.framework.selenium.LoginPage"/>
  <testcase name="login" time="2.959" classname="com.inferyx.framework.selenium.LoginPage"/>
  <testcase name="appSelection" time="5.819" classname="com.inferyx.framework.selenium.LoginPage"/>
</testsuite> <!-- com.inferyx.framework.selenium.LoginPage -->
