<?xml version="1.0" encoding="UTF-8"?>
<!-- Generated by org.testng.reporters.JUnitReportReporter -->
<testsuite skipped="0" hostname="gridedge1" name="com.inferyx.framework.dataPreparation.dataset.DatasetActionClone" tests="1" failures="0" timestamp="07 Feb 2019 15:08:42 GMT" time="12.307" errors="0">
  <testcase name="datasetCloneAction" time="12.307" classname="com.inferyx.framework.dataPreparation.dataset.DatasetActionClone"/>
</testsuite> <!-- com.inferyx.framework.dataPreparation.dataset.DatasetActionClone -->
