<?xml version="1.0" encoding="UTF-8"?>
<!-- Generated by org.testng.reporters.JUnitReportReporter -->
<testsuite skipped="0" hostname="rohini" name="com.inferyx.framework.dataProfiling.rule.DataProfilingRuleActionUnPublish" tests="1" failures="0" timestamp="28 Feb 2019 11:06:30 GMT" time="11.445" errors="0">
  <testcase name="ruleUnPublishAction" time="11.445" classname="com.inferyx.framework.dataProfiling.rule.DataProfilingRuleActionUnPublish"/>
</testsuite> <!-- com.inferyx.framework.dataProfiling.rule.DataProfilingRuleActionUnPublish -->
