<?xml version="1.0" encoding="UTF-8"?>
<!-- Generated by org.testng.reporters.JUnitReportReporter -->
<testsuite skipped="0" hostname="rohini" name="com.inferyx.framework.dataProfiling.rule.RuleActionView" tests="1" failures="0" timestamp="23 Feb 2019 14:09:54 GMT" time="14.433" errors="0">
  <testcase name="vizpodView" time="14.433" classname="com.inferyx.framework.dataProfiling.rule.RuleActionView"/>
</testsuite> <!-- com.inferyx.framework.dataProfiling.rule.RuleActionView -->
