<?xml version="1.0" encoding="UTF-8"?>
<!-- Generated by org.testng.reporters.JUnitReportReporter -->
<testsuite skipped="0" hostname="rohini" name="com.inferyx.framework.dataVisualization.dashboard.DashBoardSearch" tests="1" failures="0" timestamp="21 Feb 2019 12:12:46 GMT" time="6.475" errors="0">
  <testcase name="datshBoardSearch" time="6.475" classname="com.inferyx.framework.dataVisualization.dashboard.DashBoardSearch"/>
</testsuite> <!-- com.inferyx.framework.dataVisualization.dashboard.DashBoardSearch -->
