<?xml version="1.0" encoding="UTF-8"?>
<!-- Generated by org.testng.reporters.JUnitReportReporter -->
<testsuite skipped="0" hostname="rohini" name="com.inferyx.framework.dataProfiling.rule.listPage.DataProfilingRuleListPage" tests="6" failures="0" timestamp="28 Feb 2019 13:42:24 GMT" time="45.802" errors="0">
  <testcase name="RuleSearchByName" time="5.654" classname="com.inferyx.framework.dataProfiling.rule.listPage.DataProfilingRuleListPage"/>
  <testcase name="RuleSearchByUser" time="5.718" classname="com.inferyx.framework.dataProfiling.rule.listPage.DataProfilingRuleListPage"/>
  <testcase name="VizpodSearchCriteriaRefresh" time="4.331" classname="com.inferyx.framework.dataProfiling.rule.listPage.DataProfilingRuleListPage"/>
  <testcase name="RuleStartAndEndDate" time="15.762" classname="com.inferyx.framework.dataProfiling.rule.listPage.DataProfilingRuleListPage"/>
  <testcase name="RuleSearchStatus" time="8.698" classname="com.inferyx.framework.dataProfiling.rule.listPage.DataProfilingRuleListPage"/>
  <testcase name="RuleSearchName" time="5.639" classname="com.inferyx.framework.dataProfiling.rule.listPage.DataProfilingRuleListPage"/>
</testsuite> <!-- com.inferyx.framework.dataProfiling.rule.listPage.DataProfilingRuleListPage -->
