<?xml version="1.0" encoding="UTF-8"?>
<!-- Generated by org.testng.reporters.JUnitReportReporter -->
<testsuite skipped="0" hostname="gridedge1" name="com.inferyx.framework.dataPreparation.DatapodTest" tests="4" failures="0" timestamp="06 Feb 2019 06:21:11 GMT" time="55.154" errors="0">
  <testcase name="validateAdd" time="13.801" classname="com.inferyx.framework.dataPreparation.DatapodTest"/>
  <testcase name="validateAdd" time="13.771" classname="com.inferyx.framework.dataPreparation.DatapodTest"/>
  <testcase name="validateAdd" time="13.798" classname="com.inferyx.framework.dataPreparation.DatapodTest"/>
  <testcase name="validateAdd" time="13.784" classname="com.inferyx.framework.dataPreparation.DatapodTest"/>
</testsuite> <!-- com.inferyx.framework.dataPreparation.DatapodTest -->
