<?xml version="1.0" encoding="UTF-8"?>
<!-- Generated by org.testng.reporters.JUnitReportReporter -->
<testsuite skipped="0" hostname="gridedge1" name="com.inferyx.framework.dataPreparation.DataPreaparation" tests="2" failures="0" timestamp="07 Feb 2019 07:03:02 GMT" time="5.454" errors="0">
  <testcase name="dataPreparationList" time="2.259" classname="com.inferyx.framework.dataPreparation.DataPreaparation"/>
  <testcase name="dataDatapod" time="3.195" classname="com.inferyx.framework.dataPreparation.DataPreaparation"/>
</testsuite> <!-- com.inferyx.framework.dataPreparation.DataPreaparation -->
