<?xml version="1.0" encoding="UTF-8"?>
<!-- Generated by org.testng.reporters.JUnitReportReporter -->
<testsuite skipped="0" hostname="gridedge1" name="com.inferyx.framework.dataVisualization.DataVisualization" tests="7" failures="0" timestamp="07 Feb 2019 07:19:50 GMT" time="33.158" errors="0">
  <testcase name="dataVisualization" time="10.226" classname="com.inferyx.framework.dataVisualization.DataVisualization"/>
  <testcase name="Dashboard" time="2.137" classname="com.inferyx.framework.dataVisualization.DataVisualization"/>
  <testcase name="createDashboard" time="4.107" classname="com.inferyx.framework.dataVisualization.DataVisualization"/>
  <testcase name="datshBoardTile" time="4.189" classname="com.inferyx.framework.dataVisualization.DataVisualization"/>
  <testcase name="Vizpod" time="4.147" classname="com.inferyx.framework.dataVisualization.DataVisualization"/>
  <testcase name="vizpodAdd" time="6.163" classname="com.inferyx.framework.dataVisualization.DataVisualization"/>
  <testcase name="Report" time="2.189" classname="com.inferyx.framework.dataVisualization.DataVisualization"/>
</testsuite> <!-- com.inferyx.framework.dataVisualization.DataVisualization -->
