<?xml version="1.0" encoding="UTF-8"?>
<!-- Generated by org.testng.reporters.JUnitReportReporter -->
<testsuite skipped="0" hostname="rohini" name="com.inferyx.framework.dataVisualization.dashboard.DashBoardFilter" tests="4" failures="0" timestamp="21 Feb 2019 08:11:12 GMT" time="32.389" errors="0">
  <testcase name="datshBoardFilter" time="8.101" classname="com.inferyx.framework.dataVisualization.dashboard.DashBoardFilter"/>
  <testcase name="datshBoardClose" time="8.125" classname="com.inferyx.framework.dataVisualization.dashboard.DashBoardFilter"/>
  <testcase name="datshBoardDelete" time="8.079" classname="com.inferyx.framework.dataVisualization.dashboard.DashBoardFilter"/>
  <testcase name="datshBoardRestore" time="8.084" classname="com.inferyx.framework.dataVisualization.dashboard.DashBoardFilter"/>
</testsuite> <!-- com.inferyx.framework.dataVisualization.dashboard.DashBoardFilter -->
