<?xml version="1.0" encoding="UTF-8"?>
<!-- Generated by org.testng.reporters.JUnitReportReporter -->
<testsuite skipped="0" hostname="rohini" name="com.inferyx.framework.dataVisualization.DataVisualization" tests="1" failures="0" timestamp="14 Feb 2019 10:53:39 GMT" time="10.360" errors="0">
  <testcase name="dataVisualization" time="10.360" classname="com.inferyx.framework.dataVisualization.DataVisualization"/>
</testsuite> <!-- com.inferyx.framework.dataVisualization.DataVisualization -->
