<?xml version="1.0" encoding="UTF-8"?>
<!-- Generated by org.testng.reporters.JUnitReportReporter -->
<testsuite skipped="0" hostname="rohini007-Inspiron-3551" name="com.inferyx.framework.selenium.DataDiscovery" tests="1" failures="0" timestamp="04 Feb 2019 13:42:58 GMT" time="9.375" errors="0">
  <testcase name="dataDiscoveryList" time="9.375" classname="com.inferyx.framework.selenium.DataDiscovery"/>
</testsuite> <!-- com.inferyx.framework.selenium.DataDiscovery -->
