<?xml version="1.0" encoding="UTF-8"?>
<!-- Generated by org.testng.reporters.JUnitReportReporter -->
<testsuite skipped="0" hostname="gridedge1" name="com.inferyx.framework.dataVisualization.DataVisualization" tests="7" failures="0" timestamp="06 Feb 2019 08:55:03 GMT" time="33.171" errors="0">
  <testcase name="dataVisualization" time="10.215" classname="com.inferyx.framework.dataVisualization.DataVisualization"/>
  <testcase name="Dashboard" time="2.154" classname="com.inferyx.framework.dataVisualization.DataVisualization"/>
  <testcase name="createDashboard" time="4.118" classname="com.inferyx.framework.dataVisualization.DataVisualization"/>
  <testcase name="datshBoardTile" time="4.187" classname="com.inferyx.framework.dataVisualization.DataVisualization"/>
  <testcase name="Vizpod" time="4.157" classname="com.inferyx.framework.dataVisualization.DataVisualization"/>
  <testcase name="vizpodAdd" time="6.197" classname="com.inferyx.framework.dataVisualization.DataVisualization"/>
  <testcase name="Report" time="2.143" classname="com.inferyx.framework.dataVisualization.DataVisualization"/>
</testsuite> <!-- com.inferyx.framework.dataVisualization.DataVisualization -->
