<?xml version="1.0" encoding="UTF-8"?>
<!-- Generated by org.testng.reporters.JUnitReportReporter -->
<testsuite skipped="0" hostname="rohini" name="com.inferyx.framework.dataVisualization.dashboard.DashBoard" tests="3" failures="0" timestamp="21 Feb 2019 10:05:22 GMT" time="14.897" errors="0">
  <testcase name="Dashboard" time="2.430" classname="com.inferyx.framework.dataVisualization.dashboard.DashBoard"/>
  <testcase name="datshBoardTile" time="4.658" classname="com.inferyx.framework.dataVisualization.dashboard.DashBoard"/>
  <testcase name="datshBoardList" time="7.809" classname="com.inferyx.framework.dataVisualization.dashboard.DashBoard"/>
</testsuite> <!-- com.inferyx.framework.dataVisualization.dashboard.DashBoard -->
