<?xml version="1.0" encoding="UTF-8"?>
<!-- Generated by org.testng.reporters.JUnitReportReporter -->
<testsuite skipped="0" hostname="rohini007-Inspiron-3551" name="com.inferyx.framework.selenium.Login2" tests="1" failures="0" timestamp="30 Jan 2019 11:24:34 GMT" time="2.906" errors="0">
  <testcase name="openBrowser" time="2.906" classname="com.inferyx.framework.selenium.Login2"/>
</testsuite> <!-- com.inferyx.framework.selenium.Login2 -->
