<?xml version="1.0" encoding="UTF-8"?>
<!-- Generated by org.testng.reporters.JUnitReportReporter -->
<testsuite skipped="0" hostname="rohini" name="com.inferyx.framework.dataProfiling.rule.RuleActionClone" tests="1" failures="0" timestamp="23 Feb 2019 14:09:54 GMT" time="11.449" errors="0">
  <testcase name="ruledEditAction" time="11.449" classname="com.inferyx.framework.dataProfiling.rule.RuleActionClone"/>
</testsuite> <!-- com.inferyx.framework.dataProfiling.rule.RuleActionClone -->
