<?xml version="1.0" encoding="UTF-8"?>
<!-- Generated by org.testng.reporters.JUnitReportReporter -->
<testsuite skipped="0" hostname="rohini007-Inspiron-3551" name="com.inferyx.framework.dataVisualization.Vizpod" tests="2" failures="0" timestamp="11 Feb 2019 14:05:35 GMT" time="10.957" errors="0">
  <testcase name="Vizpod" time="4.476" classname="com.inferyx.framework.dataVisualization.Vizpod"/>
  <testcase name="vizpodAdd" time="6.481" classname="com.inferyx.framework.dataVisualization.Vizpod"/>
</testsuite> <!-- com.inferyx.framework.dataVisualization.Vizpod -->
