<?xml version="1.0" encoding="UTF-8"?>
<!-- Generated by org.testng.reporters.JUnitReportReporter -->
<testsuite skipped="0" hostname="rohini007-Inspiron-3551" name="com.inferyx.framework.selenium.LoginPage" tests="3" failures="0" timestamp="11 Feb 2019 15:03:15 GMT" time="24.020" errors="0">
  <testcase name="openBrowser" time="6.626" classname="com.inferyx.framework.selenium.LoginPage"/>
  <testcase name="login" time="4.041" classname="com.inferyx.framework.selenium.LoginPage"/>
  <testcase name="appSelection" time="13.353" classname="com.inferyx.framework.selenium.LoginPage"/>
</testsuite> <!-- com.inferyx.framework.selenium.LoginPage -->
