<?xml version="1.0" encoding="UTF-8"?>
<!-- Generated by org.testng.reporters.JUnitReportReporter -->
<testsuite skipped="0" hostname="gridedge1" name="com.inferyx.framework.dataPreparation.datapod.DatapodActionLock" tests="1" failures="0" timestamp="07 Feb 2019 09:36:10 GMT" time="12.347" errors="0">
  <testcase name="datapodLockAction" time="12.347" classname="com.inferyx.framework.dataPreparation.datapod.DatapodActionLock"/>
</testsuite> <!-- com.inferyx.framework.dataPreparation.datapod.DatapodActionLock -->
