<?xml version="1.0" encoding="UTF-8"?>
<!-- Generated by org.testng.reporters.JUnitReportReporter -->
<testsuite skipped="0" hostname="gridedge1" name="com.inferyx.framework.dataPreparation.DataPreaparation" tests="2" failures="0" timestamp="06 Feb 2019 06:21:11 GMT" time="4.398" errors="0">
  <testcase name="dataDiscoveryList" time="2.228" classname="com.inferyx.framework.dataPreparation.DataPreaparation"/>
  <testcase name="dataDiscoveryCard" time="2.170" classname="com.inferyx.framework.dataPreparation.DataPreaparation"/>
</testsuite> <!-- com.inferyx.framework.dataPreparation.DataPreaparation -->
