<?xml version="1.0" encoding="UTF-8"?>
<!-- Generated by org.testng.reporters.JUnitReportReporter -->
<testsuite skipped="0" hostname="rohini" name="com.inferyx.framework.dataProfiling.rule.listPage.Rule" tests="1" failures="0" timestamp="26 Feb 2019 07:29:34 GMT" time="11.543" errors="0">
  <testcase name="dataVisualization" time="11.543" classname="com.inferyx.framework.dataProfiling.rule.listPage.Rule"/>
</testsuite> <!-- com.inferyx.framework.dataProfiling.rule.listPage.Rule -->
