<?xml version="1.0" encoding="UTF-8"?>
<!-- Generated by org.testng.reporters.JUnitReportReporter -->
<testsuite skipped="0" hostname="gridedge1" name="com.inferyx.framework.dataPreparation.datapod.DatapodActionExport" tests="1" failures="0" timestamp="07 Feb 2019 09:36:10 GMT" time="12.311" errors="0">
  <testcase name="datapodEditAction" time="12.311" classname="com.inferyx.framework.dataPreparation.datapod.DatapodActionExport"/>
</testsuite> <!-- com.inferyx.framework.dataPreparation.datapod.DatapodActionExport -->
