<?xml version="1.0" encoding="UTF-8"?>
<!-- Generated by org.testng.reporters.JUnitReportReporter -->
<testsuite skipped="0" hostname="gridedge1" name="com.inferyx.framework.dataPreparation.dataset.DatasetActionView" tests="1" failures="0" timestamp="07 Feb 2019 14:12:04 GMT" time="14.967" errors="0">
  <testcase name="datasetViewAction" time="14.967" classname="com.inferyx.framework.dataPreparation.dataset.DatasetActionView"/>
</testsuite> <!-- com.inferyx.framework.dataPreparation.dataset.DatasetActionView -->
