<?xml version="1.0" encoding="UTF-8"?>
<!-- Generated by org.testng.reporters.JUnitReportReporter -->
<testsuite skipped="0" hostname="gridedge1" name="com.inferyx.framework.selenium.LoginPageTest" tests="3" failures="0" timestamp="04 Feb 2019 12:07:09 GMT" time="7.117" errors="0">
  <testcase name="openBrowser" time="3.772" classname="com.inferyx.framework.selenium.LoginPageTest"/>
  <testcase name="login" time="0.505" classname="com.inferyx.framework.selenium.LoginPageTest"/>
  <testcase name="appSelection" time="2.840" classname="com.inferyx.framework.selenium.LoginPageTest"/>
</testsuite> <!-- com.inferyx.framework.selenium.LoginPageTest -->
