<?xml version="1.0" encoding="UTF-8"?>
<!-- Generated by org.testng.reporters.JUnitReportReporter -->
<testsuite skipped="0" hostname="gridedge1" name="com.inferyx.framework.selenium.LoginPage" tests="3" failures="0" timestamp="07 Feb 2019 15:44:01 GMT" time="19.854" errors="0">
  <testcase name="openBrowser" time="5.448" classname="com.inferyx.framework.selenium.LoginPage"/>
  <testcase name="login" time="2.915" classname="com.inferyx.framework.selenium.LoginPage"/>
  <testcase name="appSelection" time="11.491" classname="com.inferyx.framework.selenium.LoginPage"/>
</testsuite> <!-- com.inferyx.framework.selenium.LoginPage -->
