<?xml version="1.0" encoding="UTF-8"?>
<!-- Generated by org.testng.reporters.JUnitReportReporter -->
<testsuite skipped="0" hostname="rohini" name="com.inferyx.framework.dataVisualization.Vizpod" tests="3" failures="0" timestamp="13 Feb 2019 14:51:20 GMT" time="16.739" errors="0">
  <testcase name="Vizpod" time="4.343" classname="com.inferyx.framework.dataVisualization.Vizpod"/>
  <testcase name="vizpodAdd" time="6.211" classname="com.inferyx.framework.dataVisualization.Vizpod"/>
  <testcase name="closeAdd" time="6.185" classname="com.inferyx.framework.dataVisualization.Vizpod"/>
</testsuite> <!-- com.inferyx.framework.dataVisualization.Vizpod -->
