<?xml version="1.0" encoding="UTF-8"?>
<!-- Generated by org.testng.reporters.JUnitReportReporter -->
<testsuite skipped="0" hostname="gridedge1" name="com.inferyx.framework.selenium.LoginPage" tests="3" failures="0" timestamp="06 Feb 2019 06:21:11 GMT" time="20.032" errors="0">
  <testcase name="openBrowser" time="5.225" classname="com.inferyx.framework.selenium.LoginPage"/>
  <testcase name="login" time="2.657" classname="com.inferyx.framework.selenium.LoginPage"/>
  <testcase name="appSelection" time="12.150" classname="com.inferyx.framework.selenium.LoginPage"/>
</testsuite> <!-- com.inferyx.framework.selenium.LoginPage -->
