<?xml version="1.0" encoding="UTF-8"?>
<!-- Generated by org.testng.reporters.JUnitReportReporter -->
<testsuite skipped="0" hostname="gridedge1" name="com.inferyx.framework.dataPreparation.dataset.DataPreaparation" tests="2" failures="0" timestamp="07 Feb 2019 14:12:04 GMT" time="5.522" errors="0">
  <testcase name="dataPreparationList" time="2.316" classname="com.inferyx.framework.dataPreparation.dataset.DataPreaparation"/>
  <testcase name="dataDataSet" time="3.206" classname="com.inferyx.framework.dataPreparation.dataset.DataPreaparation"/>
</testsuite> <!-- com.inferyx.framework.dataPreparation.dataset.DataPreaparation -->
