<?xml version="1.0" encoding="UTF-8"?>
<!-- Generated by org.testng.reporters.JUnitReportReporter -->
<testsuite skipped="0" hostname="rohini007-Inspiron-3551" name="com.inferyx.framework.dataVisualization.DataVisualization" tests="7" failures="0" timestamp="07 Feb 2019 13:31:37 GMT" time="34.986" errors="0">
  <testcase name="dataVisualization" time="10.724" classname="com.inferyx.framework.dataVisualization.DataVisualization"/>
  <testcase name="Dashboard" time="2.430" classname="com.inferyx.framework.dataVisualization.DataVisualization"/>
  <testcase name="datshBoardTile" time="4.373" classname="com.inferyx.framework.dataVisualization.DataVisualization"/>
  <testcase name="createDashboard" time="4.321" classname="com.inferyx.framework.dataVisualization.DataVisualization"/>
  <testcase name="Vizpod" time="4.358" classname="com.inferyx.framework.dataVisualization.DataVisualization"/>
  <testcase name="vizpodAdd" time="6.414" classname="com.inferyx.framework.dataVisualization.DataVisualization"/>
  <testcase name="Report" time="2.366" classname="com.inferyx.framework.dataVisualization.DataVisualization"/>
</testsuite> <!-- com.inferyx.framework.dataVisualization.DataVisualization -->
