<?xml version="1.0" encoding="UTF-8"?>
<!-- Generated by org.testng.reporters.JUnitReportReporter -->
<testsuite skipped="0" hostname="rohini" name="com.inferyx.framework.selenium.LoginPage" tests="3" failures="0" timestamp="05 Mar 2019 08:42:44 GMT" time="21.336" errors="0">
  <testcase name="openBrowser" time="6.107" classname="com.inferyx.framework.selenium.LoginPage"/>
  <testcase name="login" time="3.106" classname="com.inferyx.framework.selenium.LoginPage"/>
  <testcase name="appSelection" time="12.123" classname="com.inferyx.framework.selenium.LoginPage"/>
</testsuite> <!-- com.inferyx.framework.selenium.LoginPage -->
