<?xml version="1.0" encoding="UTF-8"?>
<!-- Generated by org.testng.reporters.JUnitReportReporter -->
<testsuite skipped="0" hostname="gridedge1" name="com.inferyx.framework.dataPreparation.datapod.DatapodAdd" tests="4" failures="0" timestamp="07 Feb 2019 09:36:10 GMT" time="67.259" errors="0">
  <testcase name="validateAdd" time="16.633" classname="com.inferyx.framework.dataPreparation.datapod.DatapodAdd"/>
  <testcase name="validateAdd" time="16.824" classname="com.inferyx.framework.dataPreparation.datapod.DatapodAdd"/>
  <testcase name="validateAdd" time="16.784" classname="com.inferyx.framework.dataPreparation.datapod.DatapodAdd"/>
  <testcase name="validateAdd" time="17.018" classname="com.inferyx.framework.dataPreparation.datapod.DatapodAdd"/>
</testsuite> <!-- com.inferyx.framework.dataPreparation.datapod.DatapodAdd -->
