<?xml version="1.0" encoding="UTF-8"?>
<!-- Generated by org.testng.reporters.JUnitReportReporter -->
<testsuite skipped="0" hostname="rohini007-Inspiron-3551" name="com.inferyx.framework.dataPreparation.datapod.DatapodActionClone" tests="1" failures="0" timestamp="07 Feb 2019 13:31:37 GMT" time="12.833" errors="0">
  <testcase name="datapodEditAction" time="12.833" classname="com.inferyx.framework.dataPreparation.datapod.DatapodActionClone"/>
</testsuite> <!-- com.inferyx.framework.dataPreparation.datapod.DatapodActionClone -->
