<?xml version="1.0" encoding="UTF-8"?>
<!-- Generated by org.testng.reporters.JUnitReportReporter -->
<testsuite skipped="0" hostname="rohini" name="com.inferyx.framework.dataProfiling.rule.RuleAdd" tests="1" failures="0" timestamp="23 Feb 2019 14:09:54 GMT" time="33.922" errors="0">
  <testcase name="validateAdd" time="33.922" classname="com.inferyx.framework.dataProfiling.rule.RuleAdd"/>
</testsuite> <!-- com.inferyx.framework.dataProfiling.rule.RuleAdd -->
