<?xml version="1.0" encoding="UTF-8"?>
<!-- Generated by org.testng.reporters.JUnitReportReporter -->
<testsuite skipped="0" hostname="rohini" name="com.inferyx.framework.dataProfiling.group.DataProfilingGroupClone" tests="1" failures="0" timestamp="26 Feb 2019 11:42:57 GMT" time="11.504" errors="0">
  <testcase name="groupCloneAction" time="11.504" classname="com.inferyx.framework.dataProfiling.group.DataProfilingGroupClone"/>
</testsuite> <!-- com.inferyx.framework.dataProfiling.group.DataProfilingGroupClone -->
