<?xml version="1.0" encoding="UTF-8"?>
<!-- Generated by org.testng.reporters.JUnitReportReporter -->
<testsuite skipped="0" hostname="rohini" name="com.inferyx.framework.dataVisualization.report.Report" tests="1" failures="0" timestamp="17 Feb 2019 09:09:11 GMT" time="1.239" errors="0">
  <testcase name="Report" time="1.239" classname="com.inferyx.framework.dataVisualization.report.Report"/>
</testsuite> <!-- com.inferyx.framework.dataVisualization.report.Report -->
