<?xml version="1.0" encoding="UTF-8"?>
<!-- Generated by org.testng.reporters.JUnitReportReporter -->
<<<<<<< HEAD
<testsuite skipped="0" hostname="rohini007-Inspiron-3551" name="com.inferyx.framework.selenium.LoginPage" tests="3" failures="0" timestamp="06 Feb 2019 06:41:15 GMT" time="14.210" errors="0">
  <testcase name="openBrowser" time="5.432" classname="com.inferyx.framework.selenium.LoginPage"/>
  <testcase name="login" time="2.959" classname="com.inferyx.framework.selenium.LoginPage"/>
  <testcase name="appSelection" time="5.819" classname="com.inferyx.framework.selenium.LoginPage"/>
=======
<testsuite skipped="0" hostname="gridedge1" name="com.inferyx.framework.selenium.LoginPage" tests="3" failures="0" timestamp="06 Feb 2019 06:21:11 GMT" time="20.032" errors="0">
  <testcase name="openBrowser" time="5.225" classname="com.inferyx.framework.selenium.LoginPage"/>
  <testcase name="login" time="2.657" classname="com.inferyx.framework.selenium.LoginPage"/>
  <testcase name="appSelection" time="12.150" classname="com.inferyx.framework.selenium.LoginPage"/>
>>>>>>> d1f20d234e530176736ad8543d47219ae96b1ea0
</testsuite> <!-- com.inferyx.framework.selenium.LoginPage -->
