<?xml version="1.0" encoding="UTF-8"?>
<!-- Generated by org.testng.reporters.JUnitReportReporter -->
<testsuite skipped="0" hostname="rohini" name="com.inferyx.framework.dataVisualization.vizpod.Vizpod" tests="1" failures="0" timestamp="20 Feb 2019 07:11:56 GMT" time="4.271" errors="0">
  <testcase name="Vizpod" time="4.271" classname="com.inferyx.framework.dataVisualization.vizpod.Vizpod"/>
</testsuite> <!-- com.inferyx.framework.dataVisualization.vizpod.Vizpod -->
