<?xml version="1.0" encoding="UTF-8"?>
<!-- Generated by org.testng.reporters.JUnitReportReporter -->
<testsuite skipped="0" hostname="rohini" name="com.inferyx.framework.dataProfiling.DataProfiling" tests="1" failures="0" timestamp="01 Mar 2019 12:45:25 GMT" time="10.355" errors="0">
  <testcase name="dataProfiling" time="10.355" classname="com.inferyx.framework.dataProfiling.DataProfiling"/>
</testsuite> <!-- com.inferyx.framework.dataProfiling.DataProfiling -->
