<?xml version="1.0" encoding="UTF-8"?>
<!-- Generated by org.testng.reporters.JUnitReportReporter -->
<testsuite skipped="0" hostname="rohini" name="com.inferyx.framework.dataVisualization.dashboard.DashBoardDelete" tests="1" failures="0" timestamp="21 Feb 2019 10:05:22 GMT" time="12.012" errors="0">
  <testcase name="vizpodDelete" time="12.012" classname="com.inferyx.framework.dataVisualization.dashboard.DashBoardDelete"/>
</testsuite> <!-- com.inferyx.framework.dataVisualization.dashboard.DashBoardDelete -->
