<?xml version="1.0" encoding="UTF-8"?>
<!-- Generated by org.testng.reporters.JUnitReportReporter -->
<<<<<<< HEAD
<testsuite skipped="0" hostname="rohini007-Inspiron-3551" name="com.inferyx.framework.selenium.LoginPage" tests="3" failures="0" timestamp="07 Feb 2019 13:31:37 GMT" time="26.037" errors="0">
  <testcase name="openBrowser" time="7.354" classname="com.inferyx.framework.selenium.LoginPage"/>
  <testcase name="login" time="4.258" classname="com.inferyx.framework.selenium.LoginPage"/>
  <testcase name="appSelection" time="14.425" classname="com.inferyx.framework.selenium.LoginPage"/>
=======
<testsuite skipped="0" hostname="gridedge1" name="com.inferyx.framework.selenium.LoginPage" tests="3" failures="0" timestamp="07 Feb 2019 14:12:04 GMT" time="20.457" errors="0">
  <testcase name="openBrowser" time="6.050" classname="com.inferyx.framework.selenium.LoginPage"/>
  <testcase name="login" time="2.918" classname="com.inferyx.framework.selenium.LoginPage"/>
  <testcase name="appSelection" time="11.489" classname="com.inferyx.framework.selenium.LoginPage"/>
>>>>>>> a154ba926ae7431b6817ef8936425d4f63da57b5
</testsuite> <!-- com.inferyx.framework.selenium.LoginPage -->
