<?xml version="1.0" encoding="UTF-8"?>
<!-- Generated by org.testng.reporters.JUnitReportReporter -->
<testsuite skipped="0" hostname="rohini" name="com.inferyx.framework.dataProfiling.rule.DataProfilingRuleActionUnlock" tests="1" failures="0" timestamp="28 Feb 2019 11:06:30 GMT" time="11.479" errors="0">
  <testcase name="ruleUnLockAction" time="11.479" classname="com.inferyx.framework.dataProfiling.rule.DataProfilingRuleActionUnlock"/>
</testsuite> <!-- com.inferyx.framework.dataProfiling.rule.DataProfilingRuleActionUnlock -->
