<?xml version="1.0" encoding="UTF-8"?>
<!-- Generated by org.testng.reporters.JUnitReportReporter -->
<testsuite skipped="0" hostname="rohini" name="com.inferyx.framework.dataProfiling.rule.RuleAdd" tests="1" failures="0" timestamp="18 Feb 2019 09:12:38 GMT" time="34.313" errors="0">
  <testcase name="validateAdd" time="34.313" classname="com.inferyx.framework.dataProfiling.rule.RuleAdd"/>
</testsuite> <!-- com.inferyx.framework.dataProfiling.rule.RuleAdd -->
