<?xml version="1.0" encoding="UTF-8"?>
<!-- Generated by org.testng.reporters.JUnitReportReporter -->
<testsuite skipped="0" hostname="rohini" name="com.inferyx.framework.dataProfiling.rule.RuleActionUnlock" tests="1" failures="0" timestamp="23 Feb 2019 14:09:54 GMT" time="11.438" errors="0">
  <testcase name="datapodUnLockAction" time="11.438" classname="com.inferyx.framework.dataProfiling.rule.RuleActionUnlock"/>
</testsuite> <!-- com.inferyx.framework.dataProfiling.rule.RuleActionUnlock -->
