<?xml version="1.0" encoding="UTF-8"?>
<!-- Generated by org.testng.reporters.JUnitReportReporter -->
<testsuite skipped="0" hostname="rohini" name="com.inferyx.framework.dataVisualization.dashboard.DashBoardIcon" tests="8" failures="0" timestamp="21 Feb 2019 08:11:12 GMT" time="69.926" errors="0">
  <testcase name="datshBoardView" time="9.161" classname="com.inferyx.framework.dataVisualization.dashboard.DashBoardIcon"/>
  <testcase name="datshBoardGrid" time="9.102" classname="com.inferyx.framework.dataVisualization.dashboard.DashBoardIcon"/>
  <testcase name="datshBoardChart" time="9.112" classname="com.inferyx.framework.dataVisualization.dashboard.DashBoardIcon"/>
  <testcase name="datshBoardDownload" time="9.090" classname="com.inferyx.framework.dataVisualization.dashboard.DashBoardIcon"/>
  <testcase name="datshBoardMaximize" time="8.144" classname="com.inferyx.framework.dataVisualization.dashboard.DashBoardIcon"/>
  <testcase name="datshBoardMinimizeGraph" time="8.098" classname="com.inferyx.framework.dataVisualization.dashboard.DashBoardIcon"/>
  <testcase name="datshBoardRefresh" time="8.091" classname="com.inferyx.framework.dataVisualization.dashboard.DashBoardIcon"/>
  <testcase name="datshBoardEdit" time="9.128" classname="com.inferyx.framework.dataVisualization.dashboard.DashBoardIcon"/>
</testsuite> <!-- com.inferyx.framework.dataVisualization.dashboard.DashBoardIcon -->
