<?xml version="1.0" encoding="UTF-8"?>
<!-- Generated by org.testng.reporters.JUnitReportReporter -->
<testsuite skipped="0" hostname="rohini007-Inspiron-3551" name="com.inferyx.framework.selenium.LoginPage" tests="3" failures="0" timestamp="11 Feb 2019 08:09:50 GMT" time="29.139" errors="0">
  <testcase name="openBrowser" time="10.848" classname="com.inferyx.framework.selenium.LoginPage"/>
  <testcase name="login" time="3.933" classname="com.inferyx.framework.selenium.LoginPage"/>
  <testcase name="appSelection" time="14.358" classname="com.inferyx.framework.selenium.LoginPage"/>
</testsuite> <!-- com.inferyx.framework.selenium.LoginPage -->
