<?xml version="1.0" encoding="UTF-8"?>
<!-- Generated by org.testng.reporters.JUnitReportReporter -->
<testsuite skipped="0" hostname="gridedge1" name="com.inferyx.framework.dataPreparation.DatapodActionUnLock" tests="1" failures="0" timestamp="07 Feb 2019 07:03:02 GMT" time="12.383" errors="0">
  <testcase name="datapodUnLockAction" time="12.383" classname="com.inferyx.framework.dataPreparation.DatapodActionUnLock"/>
</testsuite> <!-- com.inferyx.framework.dataPreparation.DatapodActionUnLock -->
