<?xml version="1.0" encoding="UTF-8"?>
<!-- Generated by org.testng.reporters.JUnitReportReporter -->
<testsuite skipped="0" hostname="rohini007-Inspiron-3551" name="com.inferyx.framework.dataVisualization.Report" tests="1" failures="0" timestamp="11 Feb 2019 14:05:35 GMT" time="2.459" errors="0">
  <testcase name="Report" time="2.459" classname="com.inferyx.framework.dataVisualization.Report"/>
</testsuite> <!-- com.inferyx.framework.dataVisualization.Report -->
