<?xml version="1.0" encoding="UTF-8"?>
<!-- Generated by org.testng.reporters.JUnitReportReporter -->
<testsuite skipped="0" hostname="rohini" name="com.inferyx.framework.dataProfiling.rule.listPage.DataProfilingRule" tests="1" failures="0" timestamp="05 Mar 2019 08:53:03 GMT" time="11.802" errors="0">
  <testcase name="dataProfileRule" time="11.802" classname="com.inferyx.framework.dataProfiling.rule.listPage.DataProfilingRule"/>
</testsuite> <!-- com.inferyx.framework.dataProfiling.rule.listPage.DataProfilingRule -->
