<?xml version="1.0" encoding="UTF-8"?>
<!-- Generated by org.testng.reporters.JUnitReportReporter -->
<testsuite skipped="0" hostname="gridedge1" name="com.inferyx.framework.dataPreparation.DatapodAdd" tests="4" failures="0" timestamp="07 Feb 2019 07:03:02 GMT" time="67.298" errors="0">
  <testcase name="validateAdd" time="16.653" classname="com.inferyx.framework.dataPreparation.DatapodAdd"/>
  <testcase name="validateAdd" time="16.902" classname="com.inferyx.framework.dataPreparation.DatapodAdd"/>
  <testcase name="validateAdd" time="16.839" classname="com.inferyx.framework.dataPreparation.DatapodAdd"/>
  <testcase name="validateAdd" time="16.904" classname="com.inferyx.framework.dataPreparation.DatapodAdd"/>
</testsuite> <!-- com.inferyx.framework.dataPreparation.DatapodAdd -->
