<?xml version="1.0" encoding="UTF-8"?>
<!-- Generated by org.testng.reporters.JUnitReportReporter -->
<testsuite skipped="0" hostname="gridedge1" name="com.inferyx.framework.selenium.DataDiscovery" tests="3" failures="0" timestamp="04 Feb 2019 14:15:59 GMT" time="20.403" errors="0">
  <testcase name="dataDiscoveryList" time="9.174" classname="com.inferyx.framework.selenium.DataDiscovery"/>
  <testcase name="dataDiscoveryCard" time="1.189" classname="com.inferyx.framework.selenium.DataDiscovery"/>
  <testcase name="dataDiscoveryCardEdit" time="10.040" classname="com.inferyx.framework.selenium.DataDiscovery"/>
</testsuite> <!-- com.inferyx.framework.selenium.DataDiscovery -->
