<?xml version="1.0" encoding="UTF-8"?>
<!-- Generated by org.testng.reporters.JUnitReportReporter -->
<testsuite skipped="0" hostname="gridedge1" name="com.inferyx.framework.dataPreparation.datapod.DataPreaparation" tests="2" failures="0" timestamp="07 Feb 2019 07:19:50 GMT" time="5.921" errors="0">
  <testcase name="dataPreparationList" time="2.235" classname="com.inferyx.framework.dataPreparation.datapod.DataPreaparation"/>
  <testcase name="dataDatapod" time="3.686" classname="com.inferyx.framework.dataPreparation.datapod.DataPreaparation"/>
</testsuite> <!-- com.inferyx.framework.dataPreparation.datapod.DataPreaparation -->
