<?xml version="1.0" encoding="UTF-8"?>
<!-- Generated by org.testng.reporters.JUnitReportReporter -->
<testsuite skipped="0" hostname="rohini007-Inspiron-3551" name="com.inferyx.framework.dataPreparation.datapod.DatapodAdd" tests="4" failures="0" timestamp="07 Feb 2019 13:31:37 GMT" time="75.485" errors="0">
  <testcase name="validateAdd" time="19.013" classname="com.inferyx.framework.dataPreparation.datapod.DatapodAdd"/>
  <testcase name="validateAdd" time="18.844" classname="com.inferyx.framework.dataPreparation.datapod.DatapodAdd"/>
  <testcase name="validateAdd" time="18.845" classname="com.inferyx.framework.dataPreparation.datapod.DatapodAdd"/>
  <testcase name="validateAdd" time="18.783" classname="com.inferyx.framework.dataPreparation.datapod.DatapodAdd"/>
</testsuite> <!-- com.inferyx.framework.dataPreparation.datapod.DatapodAdd -->
