<?xml version="1.0" encoding="UTF-8"?>
<!-- Generated by org.testng.reporters.JUnitReportReporter -->
<testsuite skipped="0" hostname="rohini" name="com.inferyx.framework.dataProfiling.compareResult.DataProfilingCompareResult" tests="1" failures="0" timestamp="27 Feb 2019 09:29:58 GMT" time="10.921" errors="0">
  <testcase name="dataVisualization" time="10.921" classname="com.inferyx.framework.dataProfiling.compareResult.DataProfilingCompareResult"/>
</testsuite> <!-- com.inferyx.framework.dataProfiling.compareResult.DataProfilingCompareResult -->
