<?xml version="1.0" encoding="UTF-8"?>
<!-- Generated by org.testng.reporters.JUnitReportReporter -->
<testsuite skipped="0" hostname="rohini" name="com.inferyx.framework.dataProfiling.rule.RuleActionDelete" tests="1" failures="0" timestamp="18 Feb 2019 09:12:38 GMT" time="11.476" errors="0">
  <testcase name="vizpodDelete" time="11.476" classname="com.inferyx.framework.dataProfiling.rule.RuleActionDelete"/>
</testsuite> <!-- com.inferyx.framework.dataProfiling.rule.RuleActionDelete -->
