<?xml version="1.0" encoding="UTF-8"?>
<!-- Generated by org.testng.reporters.JUnitReportReporter -->
<testsuite skipped="0" hostname="rohini" name="com.inferyx.framework.dataProfiling.rule.RuleActionViewIcon" tests="6" failures="0" timestamp="23 Feb 2019 14:09:54 GMT" time="178.496" errors="0">
  <testcase name="ruleView" time="20.934" classname="com.inferyx.framework.dataProfiling.rule.RuleActionViewIcon"/>
  <testcase name="ruleGraph" time="3.272" classname="com.inferyx.framework.dataProfiling.rule.RuleActionViewIcon"/>
  <testcase name="ruleRefresh" time="3.189" classname="com.inferyx.framework.dataProfiling.rule.RuleActionViewIcon"/>
  <testcase name="ruleHome" time="3.260" classname="com.inferyx.framework.dataProfiling.rule.RuleActionViewIcon"/>
  <testcase name="ruleEdit" time="144.119" classname="com.inferyx.framework.dataProfiling.rule.RuleActionViewIcon"/>
  <testcase name="ruleClose" time="3.722" classname="com.inferyx.framework.dataProfiling.rule.RuleActionViewIcon"/>
</testsuite> <!-- com.inferyx.framework.dataProfiling.rule.RuleActionViewIcon -->
