<?xml version="1.0" encoding="UTF-8"?>
<!-- Generated by org.testng.reporters.JUnitReportReporter -->
<testsuite skipped="0" hostname="rohini" name="com.inferyx.framework.selenium.LoginPage" tests="3" failures="0" timestamp="15 Feb 2019 09:31:20 GMT" time="20.270" errors="0">
  <testcase name="openBrowser" time="5.117" classname="com.inferyx.framework.selenium.LoginPage"/>
  <testcase name="login" time="3.277" classname="com.inferyx.framework.selenium.LoginPage"/>
  <testcase name="appSelection" time="11.876" classname="com.inferyx.framework.selenium.LoginPage"/>
</testsuite> <!-- com.inferyx.framework.selenium.LoginPage -->
