<?xml version="1.0" encoding="UTF-8"?>
<!-- Generated by org.testng.reporters.JUnitReportReporter -->
<testsuite skipped="0" hostname="rohini007-Inspiron-3551" name="com.inferyx.framework.dataPreparation.DatapodTest" tests="4" failures="0" timestamp="06 Feb 2019 06:56:18 GMT" time="63.158" errors="0">
  <testcase name="validateAdd" time="15.889" classname="com.inferyx.framework.dataPreparation.DatapodTest"/>
  <testcase name="validateAdd" time="15.835" classname="com.inferyx.framework.dataPreparation.DatapodTest"/>
  <testcase name="validateAdd" time="15.761" classname="com.inferyx.framework.dataPreparation.DatapodTest"/>
  <testcase name="validateAdd" time="15.673" classname="com.inferyx.framework.dataPreparation.DatapodTest"/>
</testsuite> <!-- com.inferyx.framework.dataPreparation.DatapodTest -->
