<?xml version="1.0" encoding="UTF-8"?>
<!-- Generated by org.testng.reporters.JUnitReportReporter -->
<testsuite skipped="0" hostname="rohini007-Inspiron-3551" name="com.inferyx.framework.dataVisualization.DataVisualization" tests="7" failures="0" timestamp="08 Feb 2019 07:05:30 GMT" time="34.673" errors="0">
  <testcase name="dataVisualization" time="10.472" classname="com.inferyx.framework.dataVisualization.DataVisualization"/>
  <testcase name="Dashboard" time="2.362" classname="com.inferyx.framework.dataVisualization.DataVisualization"/>
  <testcase name="datshBoardTile" time="4.432" classname="com.inferyx.framework.dataVisualization.DataVisualization"/>
  <testcase name="createDashboard" time="4.294" classname="com.inferyx.framework.dataVisualization.DataVisualization"/>
  <testcase name="Vizpod" time="4.359" classname="com.inferyx.framework.dataVisualization.DataVisualization"/>
  <testcase name="vizpodAdd" time="6.397" classname="com.inferyx.framework.dataVisualization.DataVisualization"/>
  <testcase name="Report" time="2.357" classname="com.inferyx.framework.dataVisualization.DataVisualization"/>
</testsuite> <!-- com.inferyx.framework.dataVisualization.DataVisualization -->
