<?xml version="1.0" encoding="UTF-8"?>
<!-- Generated by org.testng.reporters.JUnitReportReporter -->
<testsuite skipped="0" hostname="rohini" name="com.inferyx.framework.dataVisualization.dashboard.DashBoardLock" tests="1" failures="0" timestamp="21 Feb 2019 12:12:46 GMT" time="11.396" errors="0">
  <testcase name="dashboardLockAction" time="11.396" classname="com.inferyx.framework.dataVisualization.dashboard.DashBoardLock"/>
</testsuite> <!-- com.inferyx.framework.dataVisualization.dashboard.DashBoardLock -->
