<?xml version="1.0" encoding="UTF-8"?>
<!-- Generated by org.testng.reporters.JUnitReportReporter -->
<testsuite skipped="0" hostname="rohini" name="com.inferyx.framework.dataProfiling.group.DataProfilingGroupView" tests="1" failures="0" timestamp="01 Mar 2019 08:35:26 GMT" time="17.937" errors="0">
  <testcase name="groupView" time="17.937" classname="com.inferyx.framework.dataProfiling.group.DataProfilingGroupView"/>
</testsuite> <!-- com.inferyx.framework.dataProfiling.group.DataProfilingGroupView -->
