<?xml version="1.0" encoding="UTF-8"?>
<!-- Generated by org.testng.reporters.JUnitReportReporter -->
<testsuite skipped="0" hostname="rohini" name="com.inferyx.framework.dataProfiling.group.DataProfilingGroupUnPublish" tests="1" failures="0" timestamp="26 Feb 2019 11:42:57 GMT" time="11.456" errors="0">
  <testcase name="groupUnPublishAction" time="11.456" classname="com.inferyx.framework.dataProfiling.group.DataProfilingGroupUnPublish"/>
</testsuite> <!-- com.inferyx.framework.dataProfiling.group.DataProfilingGroupUnPublish -->
