<?xml version="1.0" encoding="UTF-8"?>
<!-- Generated by org.testng.reporters.JUnitReportReporter -->
<testsuite skipped="0" hostname="rohini" name="com.inferyx.framework.dataVisualization.DataVisualization" tests="1" failures="0" timestamp="23 Feb 2019 08:03:09 GMT" time="10.448" errors="0">
  <testcase name="dataVisualization" time="10.448" classname="com.inferyx.framework.dataVisualization.DataVisualization"/>
</testsuite> <!-- com.inferyx.framework.dataVisualization.DataVisualization -->
