<?xml version="1.0" encoding="UTF-8"?>
<!-- Generated by org.testng.reporters.JUnitReportReporter -->
<testsuite skipped="0" hostname="rohini" name="com.inferyx.framework.dataProfiling.rule.listPage.DataProfilingRule" tests="1" failures="0" timestamp="01 Mar 2019 12:45:25 GMT" time="11.564" errors="0">
  <testcase name="dataProfileRule" time="11.564" classname="com.inferyx.framework.dataProfiling.rule.listPage.DataProfilingRule"/>
</testsuite> <!-- com.inferyx.framework.dataProfiling.rule.listPage.DataProfilingRule -->
