<?xml version="1.0" encoding="UTF-8"?>
<!-- Generated by org.testng.reporters.JUnitReportReporter -->
<testsuite skipped="0" hostname="rohini" name="com.inferyx.framework.dataVisualization.result.ResultView" tests="6" failures="0" timestamp="22 Feb 2019 14:14:24 GMT" time="318.140" errors="0">
  <testcase name="Report" time="2.692" classname="com.inferyx.framework.dataVisualization.result.ResultView"/>
  <testcase name="ResultDownload" time="2.296" classname="com.inferyx.framework.dataVisualization.result.ResultView"/>
  <testcase name="ResultGraph" time="3.302" classname="com.inferyx.framework.dataVisualization.result.ResultView"/>
  <testcase name="ResultHome" time="3.574" classname="com.inferyx.framework.dataVisualization.result.ResultView"/>
  <testcase name="ResultRefresh" time="83.723" classname="com.inferyx.framework.dataVisualization.result.ResultView"/>
  <testcase name="ResultClose" time="222.553" classname="com.inferyx.framework.dataVisualization.result.ResultView"/>
</testsuite> <!-- com.inferyx.framework.dataVisualization.result.ResultView -->
