<?xml version="1.0" encoding="UTF-8"?>
<!-- Generated by org.testng.reporters.JUnitReportReporter -->
<testsuite skipped="0" hostname="rohini" name="com.inferyx.framework.dataVisualization.vizpod.listPage.VizpodListPage" tests="6" failures="0" timestamp="20 Feb 2019 12:39:04 GMT" time="45.893" errors="0">
  <testcase name="VizpodSearchByName" time="5.630" classname="com.inferyx.framework.dataVisualization.vizpod.listPage.VizpodListPage"/>
  <testcase name="VizpodSearchByUser" time="5.556" classname="com.inferyx.framework.dataVisualization.vizpod.listPage.VizpodListPage"/>
  <testcase name="VizpodSearchCriteriaRefresh" time="4.530" classname="com.inferyx.framework.dataVisualization.vizpod.listPage.VizpodListPage"/>
  <testcase name="VizpodStartAndEndDate" time="15.869" classname="com.inferyx.framework.dataVisualization.vizpod.listPage.VizpodListPage"/>
  <testcase name="VizpodSearchStatus" time="8.725" classname="com.inferyx.framework.dataVisualization.vizpod.listPage.VizpodListPage"/>
  <testcase name="VizpodSearchName" time="5.583" classname="com.inferyx.framework.dataVisualization.vizpod.listPage.VizpodListPage"/>
</testsuite> <!-- com.inferyx.framework.dataVisualization.vizpod.listPage.VizpodListPage -->
