<?xml version="1.0" encoding="UTF-8"?>
<!-- Generated by org.testng.reporters.JUnitReportReporter -->
<testsuite skipped="0" hostname="rohini" name="com.inferyx.framework.selenium.LoginPage" tests="3" failures="0" timestamp="23 Feb 2019 14:34:51 GMT" time="20.660" errors="0">
  <testcase name="openBrowser" time="5.778" classname="com.inferyx.framework.selenium.LoginPage"/>
  <testcase name="login" time="3.044" classname="com.inferyx.framework.selenium.LoginPage"/>
  <testcase name="appSelection" time="11.838" classname="com.inferyx.framework.selenium.LoginPage"/>
</testsuite> <!-- com.inferyx.framework.selenium.LoginPage -->
