<?xml version="1.0" encoding="UTF-8"?>
<!-- Generated by org.testng.reporters.JUnitReportReporter -->
<testsuite skipped="0" hostname="rohini" name="com.inferyx.framework.dataVisualization.dashboard.DashBoardMenuIcon" tests="5" failures="0" timestamp="21 Feb 2019 08:11:12 GMT" time="40.652" errors="0">
  <testcase name="datshBoardMaximize" time="8.153" classname="com.inferyx.framework.dataVisualization.dashboard.DashBoardMenuIcon"/>
  <testcase name="datshBoardMinimize" time="8.104" classname="com.inferyx.framework.dataVisualization.dashboard.DashBoardMenuIcon"/>
  <testcase name="datshBoardGraph" time="8.164" classname="com.inferyx.framework.dataVisualization.dashboard.DashBoardMenuIcon"/>
  <testcase name="datshBoardRefresh" time="8.120" classname="com.inferyx.framework.dataVisualization.dashboard.DashBoardMenuIcon"/>
  <testcase name="datshBoardEdit" time="8.111" classname="com.inferyx.framework.dataVisualization.dashboard.DashBoardMenuIcon"/>
</testsuite> <!-- com.inferyx.framework.dataVisualization.dashboard.DashBoardMenuIcon -->
