<?xml version="1.0" encoding="UTF-8"?>
<!-- Generated by org.testng.reporters.JUnitReportReporter -->
<testsuite skipped="0" hostname="rohini007-Inspiron-3551" name="com.inferyx.framework.dataPreparation.DataPreaparation" tests="2" failures="0" timestamp="06 Feb 2019 06:56:18 GMT" time="6.270" errors="0">
  <testcase name="dataDiscoveryList" time="3.176" classname="com.inferyx.framework.dataPreparation.DataPreaparation"/>
  <testcase name="dataDiscoveryCard" time="3.094" classname="com.inferyx.framework.dataPreparation.DataPreaparation"/>
</testsuite> <!-- com.inferyx.framework.dataPreparation.DataPreaparation -->
