<?xml version="1.0" encoding="UTF-8"?>
<!-- Generated by org.testng.reporters.JUnitReportReporter -->
<testsuite skipped="0" hostname="rohini" name="com.inferyx.framework.dataProfiling.rule.listPage.RuleListPage" tests="6" failures="0" timestamp="23 Feb 2019 14:34:51 GMT" time="45.575" errors="0">
  <testcase name="RuleSearchByName" time="5.565" classname="com.inferyx.framework.dataProfiling.rule.listPage.RuleListPage"/>
  <testcase name="RuleSearchByUser" time="5.510" classname="com.inferyx.framework.dataProfiling.rule.listPage.RuleListPage"/>
  <testcase name="VizpodSearchCriteriaRefresh" time="4.274" classname="com.inferyx.framework.dataProfiling.rule.listPage.RuleListPage"/>
  <testcase name="RuleStartAndEndDate" time="15.815" classname="com.inferyx.framework.dataProfiling.rule.listPage.RuleListPage"/>
  <testcase name="RuleSearchStatus" time="8.679" classname="com.inferyx.framework.dataProfiling.rule.listPage.RuleListPage"/>
  <testcase name="RuleSearchName" time="5.732" classname="com.inferyx.framework.dataProfiling.rule.listPage.RuleListPage"/>
</testsuite> <!-- com.inferyx.framework.dataProfiling.rule.listPage.RuleListPage -->
