<?xml version="1.0" encoding="UTF-8"?>
<!-- Generated by org.testng.reporters.JUnitReportReporter -->
<testsuite skipped="0" hostname="gridedge1" name="com.inferyx.framework.selenium.LoginPage" tests="3" failures="0" timestamp="06 Feb 2019 08:55:03 GMT" time="17.801" errors="0">
  <testcase name="openBrowser" time="3.757" classname="com.inferyx.framework.selenium.LoginPage"/>
  <testcase name="login" time="2.602" classname="com.inferyx.framework.selenium.LoginPage"/>
  <testcase name="appSelection" time="11.442" classname="com.inferyx.framework.selenium.LoginPage"/>
</testsuite> <!-- com.inferyx.framework.selenium.LoginPage -->
