<?xml version="1.0" encoding="UTF-8"?>
<!-- Generated by org.testng.reporters.JUnitReportReporter -->
<testsuite skipped="0" hostname="gridedge1" name="com.inferyx.framework.selenium.LoginPageTest" tests="3" failures="0" timestamp="04 Feb 2019 11:12:59 GMT" time="41.561" errors="0">
  <testcase name="openBrowser" time="38.198" classname="com.inferyx.framework.selenium.LoginPageTest"/>
  <testcase name="login" time="0.530" classname="com.inferyx.framework.selenium.LoginPageTest"/>
  <testcase name="appSelection" time="2.833" classname="com.inferyx.framework.selenium.LoginPageTest"/>
</testsuite> <!-- com.inferyx.framework.selenium.LoginPageTest -->
