<?xml version="1.0" encoding="UTF-8"?>
<!-- Generated by org.testng.reporters.JUnitReportReporter -->
<testsuite skipped="0" hostname="rohini007-Inspiron-3551" name="com.inferyx.framework.dataVisualization.DataVisualization" tests="7" failures="0" timestamp="06 Feb 2019 06:41:15 GMT" time="28.672" errors="0">
  <testcase name="dataDiscoveryList" time="10.634" classname="com.inferyx.framework.dataVisualization.DataVisualization"/>
  <testcase name="dataDiscoveryCard" time="2.318" classname="com.inferyx.framework.dataVisualization.DataVisualization"/>
  <testcase name="datshBoardTile" time="4.450" classname="com.inferyx.framework.dataVisualization.DataVisualization"/>
  <testcase name="createDashboard" time="4.322" classname="com.inferyx.framework.dataVisualization.DataVisualization"/>
  <testcase name="dataDiscoveryCardEdit" time="2.323" classname="com.inferyx.framework.dataVisualization.DataVisualization"/>
  <testcase name="vizpodAdd" time="2.299" classname="com.inferyx.framework.dataVisualization.DataVisualization"/>
  <testcase name="dataDiscoveryCardMetaComp" time="2.326" classname="com.inferyx.framework.dataVisualization.DataVisualization"/>
</testsuite> <!-- com.inferyx.framework.dataVisualization.DataVisualization -->
