<?xml version="1.0" encoding="UTF-8"?>
<!-- Generated by org.testng.reporters.JUnitReportReporter -->
<testsuite skipped="0" hostname="rohini007-Inspiron-3551" name="com.inferyx.framework.dataPreparation.datapod.DataPreaparation" tests="2" failures="0" timestamp="08 Feb 2019 07:05:30 GMT" time="7.233" errors="0">
  <testcase name="dataPreparationList" time="3.189" classname="com.inferyx.framework.dataPreparation.datapod.DataPreaparation"/>
  <testcase name="dataDatapod" time="4.044" classname="com.inferyx.framework.dataPreparation.datapod.DataPreaparation"/>
</testsuite> <!-- com.inferyx.framework.dataPreparation.datapod.DataPreaparation -->
