<?xml version="1.0" encoding="UTF-8"?>
<!-- Generated by org.testng.reporters.JUnitReportReporter -->
<testsuite skipped="0" hostname="rohini" name="com.inferyx.framework.dataVisualization.dashboard.DashBoardFilter" tests="4" failures="0" timestamp="21 Feb 2019 12:12:46 GMT" time="35.653" errors="0">
  <testcase name="datshBoardFilter" time="12.117" classname="com.inferyx.framework.dataVisualization.dashboard.DashBoardFilter"/>
  <testcase name="datshBoardClose" time="7.208" classname="com.inferyx.framework.dataVisualization.dashboard.DashBoardFilter"/>
  <testcase name="datshBoardDelete" time="8.162" classname="com.inferyx.framework.dataVisualization.dashboard.DashBoardFilter"/>
  <testcase name="datshBoardRestore" time="8.166" classname="com.inferyx.framework.dataVisualization.dashboard.DashBoardFilter"/>
</testsuite> <!-- com.inferyx.framework.dataVisualization.dashboard.DashBoardFilter -->
