<?xml version="1.0" encoding="UTF-8"?>
<!-- Generated by org.testng.reporters.JUnitReportReporter -->
<testsuite skipped="0" hostname="rohini007-Inspiron-3551" name="com.inferyx.framework.selenium.LoginPage" tests="3" failures="0" timestamp="08 Feb 2019 13:36:46 GMT" time="24.023" errors="0">
  <testcase name="openBrowser" time="6.481" classname="com.inferyx.framework.selenium.LoginPage"/>
  <testcase name="login" time="3.787" classname="com.inferyx.framework.selenium.LoginPage"/>
  <testcase name="appSelection" time="13.755" classname="com.inferyx.framework.selenium.LoginPage"/>
</testsuite> <!-- com.inferyx.framework.selenium.LoginPage -->
