<?xml version="1.0" encoding="UTF-8"?>
<!-- Generated by org.testng.reporters.JUnitReportReporter -->
<testsuite skipped="0" hostname="rohini" name="com.inferyx.framework.dataVisualization.report.ReportActionExecute" tests="1" failures="0" timestamp="22 Feb 2019 14:14:24 GMT" time="13.805" errors="0">
  <testcase name="reportEditAction" time="13.805" classname="com.inferyx.framework.dataVisualization.report.ReportActionExecute"/>
</testsuite> <!-- com.inferyx.framework.dataVisualization.report.ReportActionExecute -->
