<?xml version="1.0" encoding="UTF-8"?>
<!-- Generated by org.testng.reporters.JUnitReportReporter -->
<testsuite skipped="0" hostname="gridedge1" name="com.inferyx.framework.dataPreparation.datapod.DatapodActionPublish" tests="1" failures="0" timestamp="07 Feb 2019 09:36:10 GMT" time="12.324" errors="0">
  <testcase name="datapodPublishAction" time="12.324" classname="com.inferyx.framework.dataPreparation.datapod.DatapodActionPublish"/>
</testsuite> <!-- com.inferyx.framework.dataPreparation.datapod.DatapodActionPublish -->
