<?xml version="1.0" encoding="UTF-8"?>
<!-- Generated by org.testng.reporters.JUnitReportReporter -->
<testsuite skipped="0" hostname="rohini" name="com.inferyx.framework.dataProfiling.group.DataProfilingGroupAdd" tests="1" failures="0" timestamp="26 Feb 2019 11:42:57 GMT" time="12.963" errors="0">
  <testcase name="vizpodAdd" time="12.963" classname="com.inferyx.framework.dataProfiling.group.DataProfilingGroupAdd"/>
</testsuite> <!-- com.inferyx.framework.dataProfiling.group.DataProfilingGroupAdd -->
