<?xml version="1.0" encoding="UTF-8"?>
<!-- Generated by org.testng.reporters.JUnitReportReporter -->
<testsuite skipped="0" hostname="gridedge1" name="com.inferyx.framework.selenium.DataDiscovery" tests="1" failures="0" timestamp="04 Feb 2019 12:07:09 GMT" time="11.370" errors="0">
  <testcase name="test1" time="11.370" classname="com.inferyx.framework.selenium.DataDiscovery"/>
</testsuite> <!-- com.inferyx.framework.selenium.DataDiscovery -->
