<?xml version="1.0" encoding="UTF-8"?>
<!-- Generated by org.testng.reporters.JUnitReportReporter -->
<testsuite skipped="0" hostname="rohini" name="com.inferyx.framework.selenium.LoginPage" tests="3" failures="0" timestamp="01 Mar 2019 12:45:25 GMT" time="21.288" errors="0">
  <testcase name="openBrowser" time="6.144" classname="com.inferyx.framework.selenium.LoginPage"/>
  <testcase name="login" time="3.142" classname="com.inferyx.framework.selenium.LoginPage"/>
  <testcase name="appSelection" time="12.002" classname="com.inferyx.framework.selenium.LoginPage"/>
</testsuite> <!-- com.inferyx.framework.selenium.LoginPage -->
