<?xml version="1.0" encoding="UTF-8"?>
<!-- Generated by org.testng.reporters.JUnitReportReporter -->
<testsuite skipped="0" hostname="rohini007-Inspiron-3551" name="com.inferyx.framework.selenium.LoginPage" tests="3" failures="0" timestamp="04 Feb 2019 13:42:58 GMT" time="15.137" errors="0">
  <testcase name="openBrowser" time="5.910" classname="com.inferyx.framework.selenium.LoginPage"/>
  <testcase name="login" time="3.315" classname="com.inferyx.framework.selenium.LoginPage"/>
  <testcase name="appSelection" time="5.912" classname="com.inferyx.framework.selenium.LoginPage"/>
</testsuite> <!-- com.inferyx.framework.selenium.LoginPage -->
