<?xml version="1.0" encoding="UTF-8"?>
<!-- Generated by org.testng.reporters.JUnitReportReporter -->
<testsuite skipped="0" hostname="rohini" name="com.inferyx.framework.dataProfiling.group.listPage.DataProfilingGroup" tests="1" failures="0" timestamp="05 Mar 2019 08:53:03 GMT" time="11.061" errors="0">
  <testcase name="dataVisualization" time="11.061" classname="com.inferyx.framework.dataProfiling.group.listPage.DataProfilingGroup"/>
</testsuite> <!-- com.inferyx.framework.dataProfiling.group.listPage.DataProfilingGroup -->
