<?xml version="1.0" encoding="UTF-8"?>
<!-- Generated by org.testng.reporters.JUnitReportReporter -->
<testsuite skipped="0" hostname="rohini" name="com.inferyx.framework.dataProfiling.group.listPage.GroupListPage" tests="6" failures="0" timestamp="26 Feb 2019 07:49:19 GMT" time="45.428" errors="0">
  <testcase name="RuleSearchByName" time="5.600" classname="com.inferyx.framework.dataProfiling.group.listPage.GroupListPage"/>
  <testcase name="RuleSearchByUser" time="5.523" classname="com.inferyx.framework.dataProfiling.group.listPage.GroupListPage"/>
  <testcase name="VizpodSearchCriteriaRefresh" time="4.401" classname="com.inferyx.framework.dataProfiling.group.listPage.GroupListPage"/>
  <testcase name="GroupStartAndEndDate" time="15.614" classname="com.inferyx.framework.dataProfiling.group.listPage.GroupListPage"/>
  <testcase name="RuleSearchStatus" time="8.598" classname="com.inferyx.framework.dataProfiling.group.listPage.GroupListPage"/>
  <testcase name="GroupSearchName" time="5.692" classname="com.inferyx.framework.dataProfiling.group.listPage.GroupListPage"/>
</testsuite> <!-- com.inferyx.framework.dataProfiling.group.listPage.GroupListPage -->
