<?xml version="1.0" encoding="UTF-8"?>
<!-- Generated by org.testng.reporters.JUnitReportReporter -->
<testsuite skipped="0" hostname="rohini" name="com.inferyx.framework.dataProfiling.group.listPage.GroupListPage" tests="6" failures="0" timestamp="23 Feb 2019 14:34:51 GMT" time="45.144" errors="0">
  <testcase name="RuleSearchByName" time="5.537" classname="com.inferyx.framework.dataProfiling.group.listPage.GroupListPage"/>
  <testcase name="RuleSearchByUser" time="5.490" classname="com.inferyx.framework.dataProfiling.group.listPage.GroupListPage"/>
  <testcase name="VizpodSearchCriteriaRefresh" time="4.305" classname="com.inferyx.framework.dataProfiling.group.listPage.GroupListPage"/>
  <testcase name="GroupStartAndEndDate" time="15.457" classname="com.inferyx.framework.dataProfiling.group.listPage.GroupListPage"/>
  <testcase name="RuleSearchStatus" time="8.635" classname="com.inferyx.framework.dataProfiling.group.listPage.GroupListPage"/>
  <testcase name="GroupSearchName" time="5.720" classname="com.inferyx.framework.dataProfiling.group.listPage.GroupListPage"/>
</testsuite> <!-- com.inferyx.framework.dataProfiling.group.listPage.GroupListPage -->
