<?xml version="1.0" encoding="UTF-8"?>
<!-- Generated by org.testng.reporters.JUnitReportReporter -->
<testsuite skipped="0" hostname="rohini007-Inspiron-3551" name="com.inferyx.framework.dataPreparation.datapod.DatapodActionLock" tests="1" failures="0" timestamp="07 Feb 2019 13:31:37 GMT" time="12.898" errors="0">
  <testcase name="datapodLockAction" time="12.898" classname="com.inferyx.framework.dataPreparation.datapod.DatapodActionLock"/>
</testsuite> <!-- com.inferyx.framework.dataPreparation.datapod.DatapodActionLock -->
