<?xml version="1.0" encoding="UTF-8"?>
<!-- Generated by org.testng.reporters.JUnitReportReporter -->
<testsuite skipped="0" hostname="rohini" name="com.inferyx.framework.dataProfiling.rule.listPage.RuleListPage" tests="6" failures="0" timestamp="26 Feb 2019 07:29:34 GMT" time="45.586" errors="0">
  <testcase name="RuleSearchByName" time="5.599" classname="com.inferyx.framework.dataProfiling.rule.listPage.RuleListPage"/>
  <testcase name="RuleSearchByUser" time="5.563" classname="com.inferyx.framework.dataProfiling.rule.listPage.RuleListPage"/>
  <testcase name="VizpodSearchCriteriaRefresh" time="4.314" classname="com.inferyx.framework.dataProfiling.rule.listPage.RuleListPage"/>
  <testcase name="RuleStartAndEndDate" time="15.844" classname="com.inferyx.framework.dataProfiling.rule.listPage.RuleListPage"/>
  <testcase name="RuleSearchStatus" time="8.668" classname="com.inferyx.framework.dataProfiling.rule.listPage.RuleListPage"/>
  <testcase name="RuleSearchName" time="5.598" classname="com.inferyx.framework.dataProfiling.rule.listPage.RuleListPage"/>
</testsuite> <!-- com.inferyx.framework.dataProfiling.rule.listPage.RuleListPage -->
