<?xml version="1.0" encoding="UTF-8"?>
<!-- Generated by org.testng.reporters.JUnitReportReporter -->
<testsuite skipped="0" hostname="gridedge1" name="com.inferyx.framework.dataPreparation.dataset.DatasetActionUnLock" tests="1" failures="0" timestamp="07 Feb 2019 15:08:42 GMT" time="12.286" errors="0">
  <testcase name="datasetUnLockAction" time="12.286" classname="com.inferyx.framework.dataPreparation.dataset.DatasetActionUnLock"/>
</testsuite> <!-- com.inferyx.framework.dataPreparation.dataset.DatasetActionUnLock -->
