<?xml version="1.0" encoding="UTF-8"?>
<!-- Generated by org.testng.reporters.JUnitReportReporter -->
<testsuite skipped="0" hostname="rohini007-Inspiron-3551" name="com.inferyx.framework.selenium.Login" tests="1" failures="0" timestamp="30 Jan 2019 11:24:34 GMT" time="5.621" errors="0">
  <testcase name="openBrowser" time="5.621" classname="com.inferyx.framework.selenium.Login"/>
</testsuite> <!-- com.inferyx.framework.selenium.Login -->
