<?xml version="1.0" encoding="UTF-8"?>
<!-- Generated by org.testng.reporters.JUnitReportReporter -->
<testsuite skipped="0" hostname="rohini" name="com.inferyx.framework.dataProfiling.group.DataProfilingGroupActionViewIcon" tests="6" failures="0" timestamp="26 Feb 2019 11:42:57 GMT" time="34.743" errors="0">
  <testcase name="groupView" time="4.724" classname="com.inferyx.framework.dataProfiling.group.DataProfilingGroupActionViewIcon"/>
  <testcase name="groupGraph" time="3.410" classname="com.inferyx.framework.dataProfiling.group.DataProfilingGroupActionViewIcon"/>
  <testcase name="groupRefresh" time="3.334" classname="com.inferyx.framework.dataProfiling.group.DataProfilingGroupActionViewIcon"/>
  <testcase name="ruleHome" time="3.359" classname="com.inferyx.framework.dataProfiling.group.DataProfilingGroupActionViewIcon"/>
  <testcase name="ruleEdit" time="15.882" classname="com.inferyx.framework.dataProfiling.group.DataProfilingGroupActionViewIcon"/>
  <testcase name="ruleClose" time="4.034" classname="com.inferyx.framework.dataProfiling.group.DataProfilingGroupActionViewIcon"/>
</testsuite> <!-- com.inferyx.framework.dataProfiling.group.DataProfilingGroupActionViewIcon -->
