<?xml version="1.0" encoding="UTF-8"?>
<!-- Generated by org.testng.reporters.JUnitReportReporter -->
<testsuite skipped="0" hostname="gridedge1" name="com.inferyx.framework.dataPreparation.DatapodTest" tests="4" failures="0" timestamp="06 Feb 2019 08:55:03 GMT" time="67.272" errors="0">
  <testcase name="validateAdd" time="16.785" classname="com.inferyx.framework.dataPreparation.DatapodTest"/>
  <testcase name="validateAdd" time="16.707" classname="com.inferyx.framework.dataPreparation.DatapodTest"/>
  <testcase name="validateAdd" time="16.830" classname="com.inferyx.framework.dataPreparation.DatapodTest"/>
  <testcase name="validateAdd" time="16.950" classname="com.inferyx.framework.dataPreparation.DatapodTest"/>
</testsuite> <!-- com.inferyx.framework.dataPreparation.DatapodTest -->
