<?xml version="1.0" encoding="UTF-8"?>
<!-- Generated by org.testng.reporters.JUnitReportReporter -->
<testsuite skipped="0" hostname="gridedge1" name="com.inferyx.framework.dataPreparation.DatapodActionView" tests="1" failures="0" timestamp="07 Feb 2019 07:03:02 GMT" time="14.884" errors="0">
  <testcase name="datapodViewAction" time="14.884" classname="com.inferyx.framework.dataPreparation.DatapodActionView"/>
</testsuite> <!-- com.inferyx.framework.dataPreparation.DatapodActionView -->
