<?xml version="1.0" encoding="UTF-8"?>
<!-- Generated by org.testng.reporters.JUnitReportReporter -->
<testsuite skipped="0" hostname="rohini007-Inspiron-3551" name="com.inferyx.framework.dataVisualization.DataVisualization" tests="7" failures="0" timestamp="06 Feb 2019 06:56:18 GMT" time="28.590" errors="0">
  <testcase name="dataDiscoveryList" time="10.563" classname="com.inferyx.framework.dataVisualization.DataVisualization"/>
  <testcase name="dataDiscoveryCard" time="2.303" classname="com.inferyx.framework.dataVisualization.DataVisualization"/>
  <testcase name="datshBoardTile" time="4.428" classname="com.inferyx.framework.dataVisualization.DataVisualization"/>
  <testcase name="createDashboard" time="4.281" classname="com.inferyx.framework.dataVisualization.DataVisualization"/>
  <testcase name="dataDiscoveryCardEdit" time="2.332" classname="com.inferyx.framework.dataVisualization.DataVisualization"/>
  <testcase name="vizpodAdd" time="2.343" classname="com.inferyx.framework.dataVisualization.DataVisualization"/>
  <testcase name="dataDiscoveryCardMetaComp" time="2.340" classname="com.inferyx.framework.dataVisualization.DataVisualization"/>
</testsuite> <!-- com.inferyx.framework.dataVisualization.DataVisualization -->
