<?xml version="1.0" encoding="UTF-8"?>
<!-- Generated by org.testng.reporters.JUnitReportReporter -->
<testsuite skipped="0" hostname="rohini" name="com.inferyx.framework.dataProfiling.result.DataProfilingResult" tests="1" failures="0" timestamp="27 Feb 2019 07:33:27 GMT" time="11.476" errors="0">
  <testcase name="dataProfileResult" time="11.476" classname="com.inferyx.framework.dataProfiling.result.DataProfilingResult"/>
</testsuite> <!-- com.inferyx.framework.dataProfiling.result.DataProfilingResult -->
