<?xml version="1.0" encoding="UTF-8"?>
<!-- Generated by org.testng.reporters.JUnitReportReporter -->
<testsuite skipped="0" hostname="rohini007-Inspiron-3551" name="com.inferyx.framework.dataPreparation.datapod.DatapodActionUnLock" tests="1" failures="0" timestamp="07 Feb 2019 13:31:37 GMT" time="12.786" errors="0">
  <testcase name="datapodUnLockAction" time="12.786" classname="com.inferyx.framework.dataPreparation.datapod.DatapodActionUnLock"/>
</testsuite> <!-- com.inferyx.framework.dataPreparation.datapod.DatapodActionUnLock -->
