<?xml version="1.0" encoding="UTF-8"?>
<!-- Generated by org.testng.reporters.JUnitReportReporter -->
<testsuite skipped="0" hostname="rohini007-Inspiron-3551" name="com.inferyx.framework.selenium.LoginPage" tests="3" failures="0" timestamp="06 Feb 2019 06:56:18 GMT" time="22.773" errors="0">
  <testcase name="openBrowser" time="5.832" classname="com.inferyx.framework.selenium.LoginPage"/>
  <testcase name="login" time="3.273" classname="com.inferyx.framework.selenium.LoginPage"/>
  <testcase name="appSelection" time="13.668" classname="com.inferyx.framework.selenium.LoginPage"/>
</testsuite> <!-- com.inferyx.framework.selenium.LoginPage -->
