<?xml version="1.0" encoding="UTF-8"?>
<!-- Generated by org.testng.reporters.JUnitReportReporter -->
<testsuite skipped="0" hostname="rohini" name="com.inferyx.framework.dataProfiling.rule.DataProfilingRuleActionDelete" tests="1" failures="0" timestamp="28 Feb 2019 11:06:30 GMT" time="11.639" errors="0">
  <testcase name="ruleDelete" time="11.639" classname="com.inferyx.framework.dataProfiling.rule.DataProfilingRuleActionDelete"/>
</testsuite> <!-- com.inferyx.framework.dataProfiling.rule.DataProfilingRuleActionDelete -->
