<?xml version="1.0" encoding="UTF-8"?>
<!-- Generated by org.testng.reporters.JUnitReportReporter -->
<testsuite skipped="0" hostname="rohini" name="com.inferyx.framework.dataVisualization.dashboard.DashBoard" tests="3" failures="0" timestamp="21 Feb 2019 12:12:46 GMT" time="51.019" errors="0">
  <testcase name="Dashboard" time="2.362" classname="com.inferyx.framework.dataVisualization.dashboard.DashBoard"/>
  <testcase name="datshBoardTile" time="4.700" classname="com.inferyx.framework.dataVisualization.dashboard.DashBoard"/>
  <testcase name="datshBoardList" time="43.957" classname="com.inferyx.framework.dataVisualization.dashboard.DashBoard"/>
</testsuite> <!-- com.inferyx.framework.dataVisualization.dashboard.DashBoard -->
