<?xml version="1.0" encoding="UTF-8"?>
<!-- Generated by org.testng.reporters.JUnitReportReporter -->
<testsuite skipped="0" hostname="rohini007-Inspiron-3551" name="com.inferyx.framework.dataVisualization.DataVisualization" tests="1" failures="0" timestamp="11 Feb 2019 15:03:15 GMT" time="10.561" errors="0">
  <testcase name="dataVisualization" time="10.561" classname="com.inferyx.framework.dataVisualization.DataVisualization"/>
</testsuite> <!-- com.inferyx.framework.dataVisualization.DataVisualization -->
