<?xml version="1.0" encoding="UTF-8"?>
<!-- Generated by org.testng.reporters.JUnitReportReporter -->
<testsuite skipped="0" hostname="gridedge1" name="com.inferyx.framework.dataPreparation.dataset.DatasetActionPublish" tests="1" failures="0" timestamp="07 Feb 2019 14:12:04 GMT" time="12.331" errors="0">
  <testcase name="datasetPublishAction" time="12.331" classname="com.inferyx.framework.dataPreparation.dataset.DatasetActionPublish"/>
</testsuite> <!-- com.inferyx.framework.dataPreparation.dataset.DatasetActionPublish -->
